INFO:ControlView:Something happens
INFO:ControlView:Something happens
2019-08-25 18:12:03,056:INFO: Something happens
INFO:ControlView:Something happens
2019-08-25 18:19:15,573 - INFO - Something happens
2019-08-25 18:29:49,823 - INFO - Something happens
2019-08-25 18:40:26,068 - INFO - Something happens
2019-08-25 18:40:29,286 - INFO - Something happens
2019-08-25 18:40:29,829 - INFO - Something happens
2019-08-25 18:53:36,355 - INFO - Menu is displayed
2019-08-25 18:55:50,678 - INFO - Menu is displayed
2019-08-25 19:12:02,831 - INFO - Run through ControlView meta_loop
2019-08-25 19:13:02,063 - INFO - Run through ControlView meta_loop
2019-08-25 19:13:02,063 - INFO - Game menu generated in Menu class with game_menu function
2019-08-25 19:14:55,287 - INFO - Run through ControlView meta_loop
2019-08-25 19:14:55,287 - INFO - Game menu generated in Menu class with game_menu function
2019-08-25 19:25:48,664 - INFO - Run through ControlView meta_loop (__main__.py:50)
2019-08-25 19:25:48,664 - INFO - Game menu generated in Menu class with game_menu function (menu.py:59)
2019-08-25 20:01:48,665 - INFO - Run through ControlView meta_loop (__main__.py : 50)
2019-08-25 20:01:48,665 - INFO - Game menu generated in Menu class with game_menu function (menu.py : 59)
2019-08-25 20:05:34,195 - INFO - Run through ControlView meta_loop (__main__.py : 50)
2019-08-25 20:05:34,195 - INFO - Game menu generated in Menu class with game_menu function (menu.py : 59)
2019-08-25 20:12:41,561 - INFO - Run through ControlView meta_loop (__main__.py : 50)
2019-08-25 20:12:41,561 - INFO - Game menu generated in Menu class with game_menu function (menu.py : 59)
2019-08-26 04:03:44,195 - INFO - Run through ControlView meta_loop (__main__.py : 51)
2019-08-26 04:03:44,216 - INFO - Game menu generated in Menu class with game_menu function (menu.py : 59)
2019-08-28 10:43:13,232 - DEBUG - Run through ControlView meta_loop (__main__.py : 51)
2019-08-28 10:43:13,244 - DEBUG - Game menu generated in Menu class with game_menu function (menu.py : 59)
2019-08-28 10:43:23,823 - DEBUG - While config game_exit bool is FALSE: run table player_hand_loop() method (__main__.py : 54)
2019-08-28 10:43:32,181 - DEBUG - While config game_exit bool is FALSE: run table player_hand_loop() method (__main__.py : 54)
2019-08-28 10:43:37,361 - DEBUG - While config game_exit bool is FALSE: run table player_hand_loop() method (__main__.py : 54)
2019-08-28 10:44:39,966 - DEBUG - While config game_exit bool is FALSE: run table player_hand_loop() method (__main__.py : 54)
2019-08-28 10:44:48,999 - DEBUG - While config game_exit bool is FALSE: run table player_hand_loop() method (__main__.py : 54)
2019-08-28 10:46:11,444 - DEBUG - While config game_exit bool is FALSE: run table player_hand_loop() method (__main__.py : 54)
2019-08-28 10:49:59,584 - DEBUG - While config game_exit bool is FALSE: run table player_hand_loop() method (__main__.py : 54)
